<?xml version="1.0" encoding="UTF-8"?>
<testsuite name="ca.csf.mobile1.tp1.chemical.element.ChemicalElementTest" tests="1" skipped="0" failures="0" errors="0" timestamp="2017-02-24T19:07:05" hostname="Samuel" time="0.0">
  <properties/>
  <testcase name="canCreateNewChemicalElement" classname="ca.csf.mobile1.tp1.chemical.element.ChemicalElementTest" time="0.0"/>
  <system-out><![CDATA[]]></system-out>
  <system-err><![CDATA[]]></system-err>
</testsuite>
